# JRE version: OpenJDK Runtime Environment (17.0.6) (build 17.0.6+0-b2043.56-10027231)
# Java VM: OpenJDK 64-Bit Server VM (17.0.6+0-b2043.56-10027231, mixed mode, tiered, compressed oops, compressed class ptrs, g1 gc, windows-amd64)
GC Precious Log:
 CPUs: 8 total, 8 available
 Memory: 5989M
 Large Page Support: Disabled
 NUMA Support: Disabled
 Compressed Oops: Enabled (Zero based)
 Heap Region Size: 2M
 Heap Min Capacity: 8M
 Heap Initial Capacity: 94M
 Heap Max Capacity: 4G
 Pre-touch: Disabled
 Parallel Workers: 8
 Concurrent Workers: 2
 Concurrent Refinement Workers: 8
 Periodic GC: Disabled
Heap:
 garbage-first heap   total 532480K, used 189210K [0x0000000700000000, 0x0000000800000000)
  region size 2048K, 26 young (53248K), 2 survivors (4096K)
 Metaspace       used 141070K, committed 141888K, reserved 1179648K
  class space    used 17440K, committed 17792K, reserved 1048576K
GC Heap History (20 events):
Event: 134.578 GC heap before
{Heap before GC invocations=126 (full 0):
 garbage-first heap   total 532480K, used 443568K [0x0000000700000000, 0x0000000800000000)
  region size 2048K, 156 young (319488K), 5 survivors (10240K)
 Metaspace       used 137745K, committed 138496K, reserved 1171456K
  class space    used 17111K, committed 17472K, reserved 1048576K
}
Event: 134.585 GC heap after
{Heap after GC invocations=127 (full 0):
 garbage-first heap   total 532480K, used 135756K [0x0000000700000000, 0x0000000800000000)
  region size 2048K, 5 young (10240K), 5 survivors (10240K)
 Metaspace       used 137745K, committed 138496K, reserved 1171456K
  class space    used 17111K, committed 17472K, reserved 1048576K
}
Event: 135.810 GC heap before
{Heap before GC invocations=127 (full 0):
 garbage-first heap   total 532480K, used 445004K [0x0000000700000000, 0x0000000800000000)
  region size 2048K, 156 young (319488K), 5 survivors (10240K)
 Metaspace       used 137745K, committed 138496K, reserved 1171456K
  class space    used 17111K, committed 17472K, reserved 1048576K
}
Event: 135.817 GC heap after
{Heap after GC invocations=128 (full 0):
 garbage-first heap   total 532480K, used 131790K [0x0000000700000000, 0x0000000800000000)
  region size 2048K, 4 young (8192K), 4 survivors (8192K)
 Metaspace       used 137745K, committed 138496K, reserved 1171456K
  class space    used 17111K, committed 17472K, reserved 1048576K
}
Event: 136.997 GC heap before
{Heap before GC invocations=128 (full 0):
 garbage-first heap   total 532480K, used 443086K [0x0000000700000000, 0x0000000800000000)
  region size 2048K, 156 young (319488K), 4 survivors (8192K)
 Metaspace       used 137745K, committed 138496K, reserved 1171456K
  class space    used 17111K, committed 17472K, reserved 1048576K
}
Event: 137.004 GC heap after
{Heap after GC invocations=129 (full 0):
 garbage-first heap   total 532480K, used 132972K [0x0000000700000000, 0x0000000800000000)
  region size 2048K, 5 young (10240K), 5 survivors (10240K)
 Metaspace       used 137745K, committed 138496K, reserved 1171456K
  class space    used 17111K, committed 17472K, reserved 1048576K
}
Event: 138.171 GC heap before
{Heap before GC invocations=129 (full 0):
 garbage-first heap   total 532480K, used 442220K [0x0000000700000000, 0x0000000800000000)
  region size 2048K, 156 young (319488K), 5 survivors (10240K)
 Metaspace       used 137745K, committed 138496K, reserved 1171456K
  class space    used 17111K, committed 17472K, reserved 1048576K
}
Event: 138.180 GC heap after
{Heap after GC invocations=130 (full 0):
 garbage-first heap   total 532480K, used 134470K [0x0000000700000000, 0x0000000800000000)
  region size 2048K, 5 young (10240K), 5 survivors (10240K)
 Metaspace       used 137745K, committed 138496K, reserved 1171456K
  class space    used 17111K, committed 17472K, reserved 1048576K
}
Event: 141.798 GC heap before
{Heap before GC invocations=130 (full 0):
 garbage-first heap   total 532480K, used 441670K [0x0000000700000000, 0x0000000800000000)
  region size 2048K, 156 young (319488K), 5 survivors (10240K)
 Metaspace       used 137777K, committed 138496K, reserved 1171456K
  class space    used 17113K, committed 17472K, reserved 1048576K
}
Event: 141.804 GC heap after
{Heap after GC invocations=131 (full 0):
 garbage-first heap   total 532480K, used 121664K [0x0000000700000000, 0x0000000800000000)
  region size 2048K, 1 young (2048K), 1 survivors (2048K)
 Metaspace       used 137777K, committed 138496K, reserved 1171456K
  class space    used 17113K, committed 17472K, reserved 1048576K
}
Event: 143.139 GC heap before
{Heap before GC invocations=131 (full 0):
 garbage-first heap   total 532480K, used 443200K [0x0000000700000000, 0x0000000800000000)
  region size 2048K, 156 young (319488K), 1 survivors (2048K)
 Metaspace       used 137784K, committed 138496K, reserved 1171456K
  class space    used 17113K, committed 17472K, reserved 1048576K
}
Event: 143.141 GC heap after
{Heap after GC invocations=132 (full 0):
 garbage-first heap   total 532480K, used 125600K [0x0000000700000000, 0x0000000800000000)
  region size 2048K, 1 young (2048K), 1 survivors (2048K)
 Metaspace       used 137784K, committed 138496K, reserved 1171456K
  class space    used 17113K, committed 17472K, reserved 1048576K
}
Event: 144.272 GC heap before
{Heap before GC invocations=132 (full 0):
 garbage-first heap   total 532480K, used 443040K [0x0000000700000000, 0x0000000800000000)
  region size 2048K, 156 young (319488K), 1 survivors (2048K)
 Metaspace       used 137784K, committed 138496K, reserved 1171456K
  class space    used 17113K, committed 17472K, reserved 1048576K
}
Event: 144.276 GC heap after
{Heap after GC invocations=133 (full 0):
 garbage-first heap   total 532480K, used 129299K [0x0000000700000000, 0x0000000800000000)
  region size 2048K, 3 young (6144K), 3 survivors (6144K)
 Metaspace       used 137784K, committed 138496K, reserved 1171456K
  class space    used 17113K, committed 17472K, reserved 1048576K
}
Event: 145.396 GC heap before
{Heap before GC invocations=133 (full 0):
 garbage-first heap   total 532480K, used 444691K [0x0000000700000000, 0x0000000800000000)
  region size 2048K, 156 young (319488K), 3 survivors (6144K)
 Metaspace       used 137786K, committed 138496K, reserved 1171456K
  class space    used 17113K, committed 17472K, reserved 1048576K
}
Event: 145.399 GC heap after
{Heap after GC invocations=134 (full 0):
 garbage-first heap   total 532480K, used 124314K [0x0000000700000000, 0x0000000800000000)
  region size 2048K, 1 young (2048K), 1 survivors (2048K)
 Metaspace       used 137786K, committed 138496K, reserved 1171456K
  class space    used 17113K, committed 17472K, reserved 1048576K
}
Event: 292.621 GC heap before
{Heap before GC invocations=134 (full 0):
 garbage-first heap   total 532480K, used 445850K [0x0000000700000000, 0x0000000800000000)
  region size 2048K, 156 young (319488K), 1 survivors (2048K)
 Metaspace       used 139895K, committed 140608K, reserved 1179648K
  class space    used 17341K, committed 17664K, reserved 1048576K
}
Event: 293.206 GC heap after
{Heap after GC invocations=135 (full 0):
 garbage-first heap   total 532480K, used 141757K [0x0000000700000000, 0x0000000800000000)
  region size 2048K, 8 young (16384K), 8 survivors (16384K)
 Metaspace       used 139895K, committed 140608K, reserved 1179648K
  class space    used 17341K, committed 17664K, reserved 1048576K
}
Event: 510.425 GC heap before
{Heap before GC invocations=135 (full 0):
 garbage-first heap   total 532480K, used 295357K [0x0000000700000000, 0x0000000800000000)
  region size 2048K, 84 young (172032K), 8 survivors (16384K)
 Metaspace       used 141026K, committed 141824K, reserved 1179648K
  class space    used 17437K, committed 17792K, reserved 1048576K
}
Event: 510.585 GC heap after
{Heap after GC invocations=136 (full 0):
 garbage-first heap   total 532480K, used 144154K [0x0000000700000000, 0x0000000800000000)
  region size 2048K, 2 young (4096K), 2 survivors (4096K)
 Metaspace       used 141026K, committed 141824K, reserved 1179648K
  class space    used 17437K, committed 17792K, reserved 1048576K
}

